0 info it worked if it ends with ok
1 verbose cli [ '/usr/bin/node', '/usr/bin/npm', 'run', 'compile' ]
2 info using npm@3.5.2
3 info using node@v5.3.0
4 verbose run-script [ 'precompile', 'compile', 'postcompile' ]
5 info lifecycle pulse@0.0.2~precompile: pulse@0.0.2
6 silly lifecycle pulse@0.0.2~precompile: no script for precompile, continuing
7 info lifecycle pulse@0.0.2~compile: pulse@0.0.2
8 verbose lifecycle pulse@0.0.2~compile: unsafe-perm in lifecycle true
9 verbose lifecycle pulse@0.0.2~compile: PATH: /usr/lib/node_modules/npm/bin/node-gyp-bin:/home/dave/dev/3ree/node_modules/.bin:/usr/local/sbin:/usr/local/bin:/usr/bin:/usr/lib/jvm/default/bin:/usr/bin/site_perl:/usr/bin/vendor_perl:/usr/bin/core_perl
10 verbose lifecycle pulse@0.0.2~compile: CWD: /home/dave/dev/3ree
11 silly lifecycle pulse@0.0.2~compile: Args: [ '-c', 'tsc && babel src/es6 --out-dir dist' ]
12 silly lifecycle pulse@0.0.2~compile: Returned: code: 2  signal: null
13 info lifecycle pulse@0.0.2~compile: Failed to exec compile script
14 verbose stack Error: pulse@0.0.2 compile: `tsc && babel src/es6 --out-dir dist`
14 verbose stack Exit status 2
14 verbose stack     at EventEmitter.<anonymous> (/usr/lib/node_modules/npm/lib/utils/lifecycle.js:232:16)
14 verbose stack     at emitTwo (events.js:87:13)
14 verbose stack     at EventEmitter.emit (events.js:172:7)
14 verbose stack     at ChildProcess.<anonymous> (/usr/lib/node_modules/npm/lib/utils/spawn.js:24:14)
14 verbose stack     at emitTwo (events.js:87:13)
14 verbose stack     at ChildProcess.emit (events.js:172:7)
14 verbose stack     at maybeClose (internal/child_process.js:818:16)
14 verbose stack     at Process.ChildProcess._handle.onexit (internal/child_process.js:211:5)
15 verbose pkgid pulse@0.0.2
16 verbose cwd /home/dave/dev/3ree
17 error Linux 4.2.5-1-ARCH
18 error argv "/usr/bin/node" "/usr/bin/npm" "run" "compile"
19 error node v5.3.0
20 error npm  v3.5.2
21 error code ELIFECYCLE
22 error pulse@0.0.2 compile: `tsc && babel src/es6 --out-dir dist`
22 error Exit status 2
23 error Failed at the pulse@0.0.2 compile script 'tsc && babel src/es6 --out-dir dist'.
23 error Make sure you have the latest version of node.js and npm installed.
23 error If you do, this is most likely a problem with the pulse package,
23 error not with npm itself.
23 error Tell the author that this fails on your system:
23 error     tsc && babel src/es6 --out-dir dist
23 error You can get information on how to open an issue for this project with:
23 error     npm bugs pulse
23 error Or if that isn't available, you can get their info via:
23 error     npm owner ls pulse
23 error There is likely additional logging output above.
24 verbose exit [ 1, true ]
